2025-11-03 16:48:39,333 DEBUG verman2: Allowing CDN host despite blocklist: lc3-cdn.t34798ndc.com
2025-11-03 16:48:39,344 DEBUG verman2: Allowing CDN host despite blocklist: lc3-cdn.t34798ndc.com
2025-11-03 16:48:39,345 DEBUG verman2: Allowing CDN host despite blocklist: lc3-cdn.t34798ndc.com
2025-11-03 16:48:39,350 DEBUG verman2: Allowing CDN host despite blocklist: lc3-cdn.t34798ndc.com
2025-11-03 16:48:39,351 DEBUG verman2: Allowing CDN host despite blocklist: lc3-cdn.t34798ndc.com
2025-11-03 16:48:39,355 DEBUG verman2: Allowing CDN host despite blocklist: lc3-cdn.t34798ndc.com
2025-11-03 16:48:39,356 DEBUG verman2: Allowing CDN host despite blocklist: lc3-cdn.t34798ndc.com
2025-11-03 16:48:39,360 DEBUG verman2: Allowing CDN host despite blocklist: lc3-cdn.t34798ndc.com
2025-11-03 16:48:39,361 DEBUG verman2: Allowing CDN host despite blocklist: lc3-cdn.t34798ndc.com
2025-11-03 16:48:39,365 DEBUG verman2: Allowing CDN host despite blocklist: lc3-cdn.t34798ndc.com
2025-11-03 16:48:39,366 DEBUG verman2: Allowing CDN host despite blocklist: lc3-cdn.t34798ndc.com
2025-11-03 16:48:39,371 DEBUG verman2: Allowing CDN host despite blocklist: lc3-cdn.t34798ndc.com
2025-11-03 16:48:39,371 DEBUG verman2: Allowing CDN host despite blocklist: lc3-cdn.t34798ndc.com
2025-11-03 16:48:39,376 DEBUG verman2: Allowing CDN host despite blocklist: lc3-cdn.t34798ndc.com
2025-11-03 16:48:39,377 DEBUG verman2: Allowing CDN host despite blocklist: lc3-cdn.t34798ndc.com
2025-11-03 16:48:39,382 DEBUG verman2: Allowing CDN host despite blocklist: lc3-cdn.t34798ndc.com
2025-11-03 16:48:39,384 DEBUG verman2: Allowing CDN host despite blocklist: lc3-cdn.t34798ndc.com
2025-11-03 16:48:39,390 DEBUG verman2: Allowing CDN host despite blocklist: lc3-cdn.t34798ndc.com
2025-11-03 16:48:39,391 DEBUG verman2: Allowing CDN host despite blocklist: lc3-cdn.t34798ndc.com
2025-11-03 16:48:39,395 DEBUG verman2: Allowing CDN host despite blocklist: lc3-cdn.t34798ndc.com
2025-11-03 16:48:39,396 DEBUG verman2: Allowing CDN host despite blocklist: lc3-cdn.t34798ndc.com
2025-11-03 16:48:39,403 DEBUG verman2: Allowing CDN host despite blocklist: lc3-cdn.t34798ndc.com
2025-11-03 16:48:39,404 DEBUG verman2: Allowing CDN host despite blocklist: lc3-cdn.t34798ndc.com
2025-11-03 16:48:39,411 DEBUG verman2: Allowing CDN host despite blocklist: lc3-cdn.t34798ndc.com
2025-11-03 16:48:39,413 DEBUG verman2: Allowing CDN host despite blocklist: lc3-cdn.t34798ndc.com
2025-11-03 16:48:39,422 DEBUG verman2: Allowing CDN host despite blocklist: lc3-cdn.t34798ndc.com
2025-11-03 16:48:39,423 DEBUG verman2: Allowing CDN host despite blocklist: lc3-cdn.t34798ndc.com
2025-11-03 16:48:40,975 DEBUG verman2: Current page URL after initial navigation: https://www.leercapitulo.co/leer/d8nx56vvmn/gachiakuta/152/#1
2025-11-03 16:48:42,828 WARNING verman2: Blocked script resource: https://cdn.pubfuture-ad.com/v2/unit/pt.js
2025-11-03 16:48:42,908 WARNING verman2: Blocked script resource: https://bvtpk.com/tag.min.js
2025-11-03 16:48:43,264 DEBUG verman2: Allowing CDN host despite blocklist: lc3-cdn.t34798ndc.com
2025-11-03 16:48:43,265 DEBUG verman2: Allowing CDN host despite blocklist: lc3-cdn.t34798ndc.com
2025-11-03 16:48:43,269 DEBUG verman2: Allowing CDN host despite blocklist: lc3-cdn.t34798ndc.com
2025-11-03 16:48:43,270 DEBUG verman2: Allowing CDN host despite blocklist: lc3-cdn.t34798ndc.com
2025-11-03 16:48:43,274 DEBUG verman2: Allowing CDN host despite blocklist: lc3-cdn.t34798ndc.com
2025-11-03 16:48:43,276 DEBUG verman2: Allowing CDN host despite blocklist: lc3-cdn.t34798ndc.com
2025-11-03 16:48:43,281 DEBUG verman2: Allowing CDN host despite blocklist: lc3-cdn.t34798ndc.com
2025-11-03 16:48:43,282 DEBUG verman2: Allowing CDN host despite blocklist: lc3-cdn.t34798ndc.com
2025-11-03 16:48:43,287 DEBUG verman2: Allowing CDN host despite blocklist: lc3-cdn.t34798ndc.com
2025-11-03 16:48:43,288 DEBUG verman2: Allowing CDN host despite blocklist: lc3-cdn.t34798ndc.com
2025-11-03 16:48:43,295 DEBUG verman2: Allowing CDN host despite blocklist: lc3-cdn.t34798ndc.com
2025-11-03 16:48:43,296 DEBUG verman2: Allowing CDN host despite blocklist: lc3-cdn.t34798ndc.com
2025-11-03 16:48:43,300 DEBUG verman2: Allowing CDN host despite blocklist: lc3-cdn.t34798ndc.com
2025-11-03 16:48:43,301 DEBUG verman2: Allowing CDN host despite blocklist: lc3-cdn.t34798ndc.com
2025-11-03 16:48:43,305 DEBUG verman2: Allowing CDN host despite blocklist: lc3-cdn.t34798ndc.com
2025-11-03 16:48:43,306 DEBUG verman2: Allowing CDN host despite blocklist: lc3-cdn.t34798ndc.com
2025-11-03 16:48:43,310 DEBUG verman2: Allowing CDN host despite blocklist: lc3-cdn.t34798ndc.com
2025-11-03 16:48:43,311 DEBUG verman2: Allowing CDN host despite blocklist: lc3-cdn.t34798ndc.com
2025-11-03 16:48:43,317 DEBUG verman2: Allowing CDN host despite blocklist: lc3-cdn.t34798ndc.com
2025-11-03 16:48:43,318 DEBUG verman2: Allowing CDN host despite blocklist: lc3-cdn.t34798ndc.com
2025-11-03 16:48:43,322 DEBUG verman2: Allowing CDN host despite blocklist: lc3-cdn.t34798ndc.com
2025-11-03 16:48:43,323 DEBUG verman2: Allowing CDN host despite blocklist: lc3-cdn.t34798ndc.com
2025-11-03 16:48:43,332 DEBUG verman2: Allowing CDN host despite blocklist: lc3-cdn.t34798ndc.com
2025-11-03 16:48:43,333 DEBUG verman2: Allowing CDN host despite blocklist: lc3-cdn.t34798ndc.com
2025-11-03 16:48:43,339 DEBUG verman2: Allowing CDN host despite blocklist: lc3-cdn.t34798ndc.com
2025-11-03 16:48:43,340 DEBUG verman2: Allowing CDN host despite blocklist: lc3-cdn.t34798ndc.com
2025-11-03 16:48:43,346 DEBUG verman2: Allowing CDN host despite blocklist: lc3-cdn.t34798ndc.com
2025-11-03 16:48:43,348 DEBUG verman2: Allowing CDN host despite blocklist: lc3-cdn.t34798ndc.com
2025-11-03 16:48:43,355 DEBUG verman2: Allowing CDN host despite blocklist: lc3-cdn.t34798ndc.com
2025-11-03 16:48:43,356 DEBUG verman2: Allowing CDN host despite blocklist: lc3-cdn.t34798ndc.com
2025-11-03 16:48:43,363 DEBUG verman2: Allowing CDN host despite blocklist: lc3-cdn.t34798ndc.com
2025-11-03 16:48:43,364 DEBUG verman2: Allowing CDN host despite blocklist: lc3-cdn.t34798ndc.com
2025-11-03 16:48:45,597 WARNING verman2: Blocked script resource: https://cdn.pubfuture-ad.com/v2/unit/pt.js
2025-11-03 16:48:45,688 WARNING verman2: Blocked script resource: https://bvtpk.com/tag.min.js
2025-11-03 16:48:46,040 DEBUG verman2: Allowing CDN host despite blocklist: lc7-cdn.t34798ndc.com
2025-11-03 16:48:46,041 DEBUG verman2: Allowing CDN host despite blocklist: lc7-cdn.t34798ndc.com
2025-11-03 16:48:46,045 DEBUG verman2: Allowing CDN host despite blocklist: lc7-cdn.t34798ndc.com
2025-11-03 16:48:46,046 DEBUG verman2: Allowing CDN host despite blocklist: lc7-cdn.t34798ndc.com
2025-11-03 16:48:46,050 DEBUG verman2: Allowing CDN host despite blocklist: lc7-cdn.t34798ndc.com
2025-11-03 16:48:46,051 DEBUG verman2: Allowing CDN host despite blocklist: lc7-cdn.t34798ndc.com
2025-11-03 16:48:46,055 DEBUG verman2: Allowing CDN host despite blocklist: lc7-cdn.t34798ndc.com
2025-11-03 16:48:46,056 DEBUG verman2: Allowing CDN host despite blocklist: lc7-cdn.t34798ndc.com
2025-11-03 16:48:46,060 DEBUG verman2: Allowing CDN host despite blocklist: lc7-cdn.t34798ndc.com
2025-11-03 16:48:46,061 DEBUG verman2: Allowing CDN host despite blocklist: lc7-cdn.t34798ndc.com
2025-11-03 16:48:46,065 DEBUG verman2: Allowing CDN host despite blocklist: lc7-cdn.t34798ndc.com
2025-11-03 16:48:46,066 DEBUG verman2: Allowing CDN host despite blocklist: lc7-cdn.t34798ndc.com
2025-11-03 16:48:46,070 DEBUG verman2: Allowing CDN host despite blocklist: lc7-cdn.t34798ndc.com
2025-11-03 16:48:46,071 DEBUG verman2: Allowing CDN host despite blocklist: lc7-cdn.t34798ndc.com
2025-11-03 16:48:46,075 DEBUG verman2: Allowing CDN host despite blocklist: lc7-cdn.t34798ndc.com
2025-11-03 16:48:46,076 DEBUG verman2: Allowing CDN host despite blocklist: lc7-cdn.t34798ndc.com
2025-11-03 16:48:46,080 DEBUG verman2: Allowing CDN host despite blocklist: lc7-cdn.t34798ndc.com
2025-11-03 16:48:46,081 DEBUG verman2: Allowing CDN host despite blocklist: lc7-cdn.t34798ndc.com
2025-11-03 16:48:46,086 DEBUG verman2: Allowing CDN host despite blocklist: lc7-cdn.t34798ndc.com
2025-11-03 16:48:46,088 DEBUG verman2: Allowing CDN host despite blocklist: lc7-cdn.t34798ndc.com
2025-11-03 16:48:46,097 DEBUG verman2: Allowing CDN host despite blocklist: lc7-cdn.t34798ndc.com
2025-11-03 16:48:46,099 DEBUG verman2: Allowing CDN host despite blocklist: lc7-cdn.t34798ndc.com
2025-11-03 16:48:46,108 DEBUG verman2: Allowing CDN host despite blocklist: lc7-cdn.t34798ndc.com
2025-11-03 16:48:46,112 DEBUG verman2: Allowing CDN host despite blocklist: lc7-cdn.t34798ndc.com
2025-11-03 16:48:46,125 DEBUG verman2: Allowing CDN host despite blocklist: lc7-cdn.t34798ndc.com
2025-11-03 16:48:46,128 DEBUG verman2: Allowing CDN host despite blocklist: lc7-cdn.t34798ndc.com
2025-11-03 16:48:46,135 DEBUG verman2: Allowing CDN host despite blocklist: lc7-cdn.t34798ndc.com
2025-11-03 16:48:46,137 DEBUG verman2: Allowing CDN host despite blocklist: lc7-cdn.t34798ndc.com
2025-11-03 16:48:46,142 DEBUG verman2: Allowing CDN host despite blocklist: lc7-cdn.t34798ndc.com
2025-11-03 16:48:46,143 DEBUG verman2: Allowing CDN host despite blocklist: lc7-cdn.t34798ndc.com
2025-11-03 16:48:46,148 DEBUG verman2: Allowing CDN host despite blocklist: lc7-cdn.t34798ndc.com
2025-11-03 16:48:46,149 DEBUG verman2: Allowing CDN host despite blocklist: lc7-cdn.t34798ndc.com
2025-11-03 16:48:58,155 DEBUG verman2: page_select not found or empty.
2025-11-03 16:48:58,163 DEBUG verman2: collect_targets returned 16 candidates (expected_count=16).
2025-11-03 16:48:58,163 DEBUG verman2: Using 16 targets after dedupe.
2025-11-03 16:48:58,741 INFO verman2: All 16 pages were saved.
2025-11-03 16:49:00,584 INFO verman2: Generating PDF: Ch152 - Gachiakuta.pdf
2025-11-03 16:49:01,893 INFO verman2: === Chapter 153 ===
2025-11-03 16:49:04,595 WARNING verman2: Blocked script resource: https://cdn.pubfuture-ad.com/v2/unit/pt.js
2025-11-03 16:49:04,679 WARNING verman2: Blocked script resource: https://bvtpk.com/tag.min.js
2025-11-03 16:49:05,073 DEBUG verman2: Allowing CDN host despite blocklist: lc7-cdn.t34798ndc.com
2025-11-03 16:49:05,074 DEBUG verman2: Allowing CDN host despite blocklist: lc7-cdn.t34798ndc.com
2025-11-03 16:49:05,079 DEBUG verman2: Allowing CDN host despite blocklist: lc7-cdn.t34798ndc.com
2025-11-03 16:49:05,080 DEBUG verman2: Allowing CDN host despite blocklist: lc7-cdn.t34798ndc.com
2025-11-03 16:49:05,089 DEBUG verman2: Allowing CDN host despite blocklist: lc7-cdn.t34798ndc.com
2025-11-03 16:49:05,090 DEBUG verman2: Allowing CDN host despite blocklist: lc7-cdn.t34798ndc.com
2025-11-03 16:49:05,095 DEBUG verman2: Allowing CDN host despite blocklist: lc7-cdn.t34798ndc.com
2025-11-03 16:49:05,096 DEBUG verman2: Allowing CDN host despite blocklist: lc7-cdn.t34798ndc.com
2025-11-03 16:49:05,104 DEBUG verman2: Allowing CDN host despite blocklist: lc7-cdn.t34798ndc.com
2025-11-03 16:49:05,105 DEBUG verman2: Allowing CDN host despite blocklist: lc7-cdn.t34798ndc.com
2025-11-03 16:49:05,115 DEBUG verman2: Allowing CDN host despite blocklist: lc7-cdn.t34798ndc.com
2025-11-03 16:49:05,117 DEBUG verman2: Allowing CDN host despite blocklist: lc7-cdn.t34798ndc.com
2025-11-03 16:49:05,124 DEBUG verman2: Allowing CDN host despite blocklist: lc7-cdn.t34798ndc.com
2025-11-03 16:49:05,126 DEBUG verman2: Allowing CDN host despite blocklist: lc7-cdn.t34798ndc.com
2025-11-03 16:49:05,134 DEBUG verman2: Allowing CDN host despite blocklist: lc7-cdn.t34798ndc.com
2025-11-03 16:49:05,136 DEBUG verman2: Allowing CDN host despite blocklist: lc7-cdn.t34798ndc.com
2025-11-03 16:49:05,145 DEBUG verman2: Allowing CDN host despite blocklist: lc7-cdn.t34798ndc.com
2025-11-03 16:49:05,148 DEBUG verman2: Allowing CDN host despite blocklist: lc7-cdn.t34798ndc.com
2025-11-03 16:49:05,156 DEBUG verman2: Allowing CDN host despite blocklist: lc7-cdn.t34798ndc.com
2025-11-03 16:49:05,157 DEBUG verman2: Allowing CDN host despite blocklist: lc7-cdn.t34798ndc.com
2025-11-03 16:49:05,163 DEBUG verman2: Allowing CDN host despite blocklist: lc7-cdn.t34798ndc.com
2025-11-03 16:49:05,165 DEBUG verman2: Allowing CDN host despite blocklist: lc7-cdn.t34798ndc.com
2025-11-03 16:49:05,176 DEBUG verman2: Allowing CDN host despite blocklist: lc7-cdn.t34798ndc.com
2025-11-03 16:49:05,178 DEBUG verman2: Allowing CDN host despite blocklist: lc7-cdn.t34798ndc.com
2025-11-03 16:49:05,189 DEBUG verman2: Allowing CDN host despite blocklist: lc7-cdn.t34798ndc.com
2025-11-03 16:49:05,193 DEBUG verman2: Allowing CDN host despite blocklist: lc7-cdn.t34798ndc.com
2025-11-03 16:49:05,202 DEBUG verman2: Allowing CDN host despite blocklist: lc7-cdn.t34798ndc.com
2025-11-03 16:49:05,205 DEBUG verman2: Allowing CDN host despite blocklist: lc7-cdn.t34798ndc.com
2025-11-03 16:49:06,161 DEBUG verman2: Current page URL after initial navigation: https://www.leercapitulo.co/leer/d8nx56vvmn/gachiakuta/153/#1
2025-11-03 16:49:08,081 WARNING verman2: Blocked script resource: https://cdn.pubfuture-ad.com/v2/unit/pt.js
2025-11-03 16:49:08,172 WARNING verman2: Blocked script resource: https://bvtpk.com/tag.min.js
2025-11-03 16:49:08,538 DEBUG verman2: Allowing CDN host despite blocklist: lc3-cdn.t34798ndc.com
2025-11-03 16:49:08,539 DEBUG verman2: Allowing CDN host despite blocklist: lc3-cdn.t34798ndc.com
2025-11-03 16:49:08,543 DEBUG verman2: Allowing CDN host despite blocklist: lc3-cdn.t34798ndc.com
2025-11-03 16:49:08,544 DEBUG verman2: Allowing CDN host despite blocklist: lc3-cdn.t34798ndc.com
2025-11-03 16:49:08,550 DEBUG verman2: Allowing CDN host despite blocklist: lc3-cdn.t34798ndc.com
2025-11-03 16:49:08,551 DEBUG verman2: Allowing CDN host despite blocklist: lc3-cdn.t34798ndc.com
2025-11-03 16:49:08,555 DEBUG verman2: Allowing CDN host despite blocklist: lc3-cdn.t34798ndc.com
2025-11-03 16:49:08,556 DEBUG verman2: Allowing CDN host despite blocklist: lc3-cdn.t34798ndc.com
2025-11-03 16:49:08,560 DEBUG verman2: Allowing CDN host despite blocklist: lc3-cdn.t34798ndc.com
2025-11-03 16:49:08,561 DEBUG verman2: Allowing CDN host despite blocklist: lc3-cdn.t34798ndc.com
2025-11-03 16:49:08,566 DEBUG verman2: Allowing CDN host despite blocklist: lc3-cdn.t34798ndc.com
2025-11-03 16:49:08,567 DEBUG verman2: Allowing CDN host despite blocklist: lc3-cdn.t34798ndc.com
2025-11-03 16:49:08,571 DEBUG verman2: Allowing CDN host despite blocklist: lc3-cdn.t34798ndc.com
2025-11-03 16:49:08,572 DEBUG verman2: Allowing CDN host despite blocklist: lc3-cdn.t34798ndc.com
2025-11-03 16:49:08,576 DEBUG verman2: Allowing CDN host despite blocklist: lc3-cdn.t34798ndc.com
2025-11-03 16:49:08,577 DEBUG verman2: Allowing CDN host despite blocklist: lc3-cdn.t34798ndc.com
2025-11-03 16:49:08,581 DEBUG verman2: Allowing CDN host despite blocklist: lc3-cdn.t34798ndc.com
2025-11-03 16:49:08,582 DEBUG verman2: Allowing CDN host despite blocklist: lc3-cdn.t34798ndc.com
2025-11-03 16:49:08,586 DEBUG verman2: Allowing CDN host despite blocklist: lc3-cdn.t34798ndc.com
2025-11-03 16:49:08,587 DEBUG verman2: Allowing CDN host despite blocklist: lc3-cdn.t34798ndc.com
2025-11-03 16:49:08,593 DEBUG verman2: Allowing CDN host despite blocklist: lc3-cdn.t34798ndc.com
2025-11-03 16:49:08,594 DEBUG verman2: Allowing CDN host despite blocklist: lc3-cdn.t34798ndc.com
2025-11-03 16:49:08,604 DEBUG verman2: Allowing CDN host despite blocklist: lc3-cdn.t34798ndc.com
2025-11-03 16:49:08,606 DEBUG verman2: Allowing CDN host despite blocklist: lc3-cdn.t34798ndc.com
2025-11-03 16:49:08,612 DEBUG verman2: Allowing CDN host despite blocklist: lc3-cdn.t34798ndc.com
2025-11-03 16:49:08,616 DEBUG verman2: Allowing CDN host despite blocklist: lc3-cdn.t34798ndc.com
2025-11-03 16:49:08,623 DEBUG verman2: Allowing CDN host despite blocklist: lc3-cdn.t34798ndc.com
2025-11-03 16:49:08,624 DEBUG verman2: Allowing CDN host despite blocklist: lc3-cdn.t34798ndc.com
2025-11-03 16:49:10,792 WARNING verman2: Blocked script resource: https://cdn.pubfuture-ad.com/v2/unit/pt.js
2025-11-03 16:49:10,871 WARNING verman2: Blocked script resource: https://bvtpk.com/tag.min.js
2025-11-03 16:49:11,263 DEBUG verman2: Allowing CDN host despite blocklist: lc7-cdn.t34798ndc.com
2025-11-03 16:49:11,264 DEBUG verman2: Allowing CDN host despite blocklist: lc7-cdn.t34798ndc.com
2025-11-03 16:49:11,269 DEBUG verman2: Allowing CDN host despite blocklist: lc7-cdn.t34798ndc.com
2025-11-03 16:49:11,270 DEBUG verman2: Allowing CDN host despite blocklist: lc7-cdn.t34798ndc.com
2025-11-03 16:49:11,276 DEBUG verman2: Allowing CDN host despite blocklist: lc7-cdn.t34798ndc.com
2025-11-03 16:49:11,277 DEBUG verman2: Allowing CDN host despite blocklist: lc7-cdn.t34798ndc.com
2025-11-03 16:49:11,282 DEBUG verman2: Allowing CDN host despite blocklist: lc7-cdn.t34798ndc.com
2025-11-03 16:49:11,283 DEBUG verman2: Allowing CDN host despite blocklist: lc7-cdn.t34798ndc.com
2025-11-03 16:49:11,286 DEBUG verman2: Allowing CDN host despite blocklist: lc7-cdn.t34798ndc.com
2025-11-03 16:49:11,287 DEBUG verman2: Allowing CDN host despite blocklist: lc7-cdn.t34798ndc.com
2025-11-03 16:49:11,292 DEBUG verman2: Allowing CDN host despite blocklist: lc7-cdn.t34798ndc.com
2025-11-03 16:49:11,294 DEBUG verman2: Allowing CDN host despite blocklist: lc7-cdn.t34798ndc.com
2025-11-03 16:49:11,298 DEBUG verman2: Allowing CDN host despite blocklist: lc7-cdn.t34798ndc.com
2025-11-03 16:49:11,299 DEBUG verman2: Allowing CDN host despite blocklist: lc7-cdn.t34798ndc.com
2025-11-03 16:49:11,304 DEBUG verman2: Allowing CDN host despite blocklist: lc7-cdn.t34798ndc.com
2025-11-03 16:49:11,305 DEBUG verman2: Allowing CDN host despite blocklist: lc7-cdn.t34798ndc.com
2025-11-03 16:49:11,310 DEBUG verman2: Allowing CDN host despite blocklist: lc7-cdn.t34798ndc.com
2025-11-03 16:49:11,311 DEBUG verman2: Allowing CDN host despite blocklist: lc7-cdn.t34798ndc.com
2025-11-03 16:49:11,318 DEBUG verman2: Allowing CDN host despite blocklist: lc7-cdn.t34798ndc.com
2025-11-03 16:49:11,319 DEBUG verman2: Allowing CDN host despite blocklist: lc7-cdn.t34798ndc.com
2025-11-03 16:49:11,327 DEBUG verman2: Allowing CDN host despite blocklist: lc7-cdn.t34798ndc.com
2025-11-03 16:49:11,329 DEBUG verman2: Allowing CDN host despite blocklist: lc7-cdn.t34798ndc.com
2025-11-03 16:49:11,336 DEBUG verman2: Allowing CDN host despite blocklist: lc7-cdn.t34798ndc.com
2025-11-03 16:49:11,338 DEBUG verman2: Allowing CDN host despite blocklist: lc7-cdn.t34798ndc.com
2025-11-03 16:49:11,344 DEBUG verman2: Allowing CDN host despite blocklist: lc7-cdn.t34798ndc.com
2025-11-03 16:49:11,345 DEBUG verman2: Allowing CDN host despite blocklist: lc7-cdn.t34798ndc.com
2025-11-03 16:49:11,351 DEBUG verman2: Allowing CDN host despite blocklist: lc7-cdn.t34798ndc.com
2025-11-03 16:49:11,353 DEBUG verman2: Allowing CDN host despite blocklist: lc7-cdn.t34798ndc.com
2025-11-03 16:49:22,349 DEBUG verman2: page_select not found or empty.
2025-11-03 16:49:22,354 DEBUG verman2: collect_targets returned 14 candidates (expected_count=14).
2025-11-03 16:49:22,356 DEBUG verman2: Using 14 targets after dedupe.
2025-11-03 16:49:22,919 INFO verman2: All 14 pages were saved.
2025-11-03 16:49:23,236 INFO verman2: Generating PDF: Ch153 - Gachiakuta.pdf
2025-11-03 16:49:24,374 INFO verman2: === Chapter 154 ===
2025-11-03 16:49:26,938 WARNING verman2: Blocked script resource: https://cdn.pubfuture-ad.com/v2/unit/pt.js
2025-11-03 16:49:27,017 WARNING verman2: Blocked script resource: https://bvtpk.com/tag.min.js
2025-11-03 16:49:27,361 DEBUG verman2: Allowing CDN host despite blocklist: lc3-cdn.t34798ndc.com
2025-11-03 16:49:27,362 DEBUG verman2: Allowing CDN host despite blocklist: lc3-cdn.t34798ndc.com
2025-11-03 16:49:27,367 DEBUG verman2: Allowing CDN host despite blocklist: lc3-cdn.t34798ndc.com
2025-11-03 16:49:27,368 DEBUG verman2: Allowing CDN host despite blocklist: lc3-cdn.t34798ndc.com
2025-11-03 16:49:27,373 DEBUG verman2: Allowing CDN host despite blocklist: lc3-cdn.t34798ndc.com
2025-11-03 16:49:27,375 DEBUG verman2: Allowing CDN host despite blocklist: lc3-cdn.t34798ndc.com
2025-11-03 16:49:27,379 DEBUG verman2: Allowing CDN host despite blocklist: lc3-cdn.t34798ndc.com
2025-11-03 16:49:27,380 DEBUG verman2: Allowing CDN host despite blocklist: lc3-cdn.t34798ndc.com
2025-11-03 16:49:27,385 DEBUG verman2: Allowing CDN host despite blocklist: lc3-cdn.t34798ndc.com
2025-11-03 16:49:27,386 DEBUG verman2: Allowing CDN host despite blocklist: lc3-cdn.t34798ndc.com
2025-11-03 16:49:27,391 DEBUG verman2: Allowing CDN host despite blocklist: lc3-cdn.t34798ndc.com
2025-11-03 16:49:27,392 DEBUG verman2: Allowing CDN host despite blocklist: lc3-cdn.t34798ndc.com
2025-11-03 16:49:27,396 DEBUG verman2: Allowing CDN host despite blocklist: lc3-cdn.t34798ndc.com
2025-11-03 16:49:27,398 DEBUG verman2: Allowing CDN host despite blocklist: lc3-cdn.t34798ndc.com
2025-11-03 16:49:27,403 DEBUG verman2: Allowing CDN host despite blocklist: lc3-cdn.t34798ndc.com
2025-11-03 16:49:27,404 DEBUG verman2: Allowing CDN host despite blocklist: lc3-cdn.t34798ndc.com
2025-11-03 16:49:27,409 DEBUG verman2: Allowing CDN host despite blocklist: lc3-cdn.t34798ndc.com
2025-11-03 16:49:27,410 DEBUG verman2: Allowing CDN host despite blocklist: lc3-cdn.t34798ndc.com
2025-11-03 16:49:27,416 DEBUG verman2: Allowing CDN host despite blocklist: lc3-cdn.t34798ndc.com
2025-11-03 16:49:27,418 DEBUG verman2: Allowing CDN host despite blocklist: lc3-cdn.t34798ndc.com
2025-11-03 16:49:27,427 DEBUG verman2: Allowing CDN host despite blocklist: lc3-cdn.t34798ndc.com
2025-11-03 16:49:27,428 DEBUG verman2: Allowing CDN host despite blocklist: lc3-cdn.t34798ndc.com
2025-11-03 16:49:28,255 DEBUG verman2: Current page URL after initial navigation: https://www.leercapitulo.co/leer/d8nx56vvmn/gachiakuta/154/#1
2025-11-03 16:49:30,067 WARNING verman2: Blocked script resource: https://cdn.pubfuture-ad.com/v2/unit/pt.js
2025-11-03 16:49:30,151 WARNING verman2: Blocked script resource: https://bvtpk.com/tag.min.js
2025-11-03 16:49:30,515 DEBUG verman2: Allowing CDN host despite blocklist: lc7-cdn.t34798ndc.com
2025-11-03 16:49:30,516 DEBUG verman2: Allowing CDN host despite blocklist: lc7-cdn.t34798ndc.com
2025-11-03 16:49:30,521 DEBUG verman2: Allowing CDN host despite blocklist: lc7-cdn.t34798ndc.com
2025-11-03 16:49:30,522 DEBUG verman2: Allowing CDN host despite blocklist: lc7-cdn.t34798ndc.com
2025-11-03 16:49:30,531 DEBUG verman2: Allowing CDN host despite blocklist: lc7-cdn.t34798ndc.com
2025-11-03 16:49:30,532 DEBUG verman2: Allowing CDN host despite blocklist: lc7-cdn.t34798ndc.com
2025-11-03 16:49:30,538 DEBUG verman2: Allowing CDN host despite blocklist: lc7-cdn.t34798ndc.com
2025-11-03 16:49:30,539 DEBUG verman2: Allowing CDN host despite blocklist: lc7-cdn.t34798ndc.com
2025-11-03 16:49:30,546 DEBUG verman2: Allowing CDN host despite blocklist: lc7-cdn.t34798ndc.com
2025-11-03 16:49:30,547 DEBUG verman2: Allowing CDN host despite blocklist: lc7-cdn.t34798ndc.com
2025-11-03 16:49:30,553 DEBUG verman2: Allowing CDN host despite blocklist: lc7-cdn.t34798ndc.com
2025-11-03 16:49:30,554 DEBUG verman2: Allowing CDN host despite blocklist: lc7-cdn.t34798ndc.com
2025-11-03 16:49:30,560 DEBUG verman2: Allowing CDN host despite blocklist: lc7-cdn.t34798ndc.com
2025-11-03 16:49:30,561 DEBUG verman2: Allowing CDN host despite blocklist: lc7-cdn.t34798ndc.com
2025-11-03 16:49:30,566 DEBUG verman2: Allowing CDN host despite blocklist: lc7-cdn.t34798ndc.com
2025-11-03 16:49:30,567 DEBUG verman2: Allowing CDN host despite blocklist: lc7-cdn.t34798ndc.com
2025-11-03 16:49:30,574 DEBUG verman2: Allowing CDN host despite blocklist: lc7-cdn.t34798ndc.com
2025-11-03 16:49:30,579 DEBUG verman2: Allowing CDN host despite blocklist: lc7-cdn.t34798ndc.com
2025-11-03 16:49:30,590 DEBUG verman2: Allowing CDN host despite blocklist: lc7-cdn.t34798ndc.com
2025-11-03 16:49:30,593 DEBUG verman2: Allowing CDN host despite blocklist: lc7-cdn.t34798ndc.com
2025-11-03 16:49:30,600 DEBUG verman2: Allowing CDN host despite blocklist: lc7-cdn.t34798ndc.com
2025-11-03 16:49:30,601 DEBUG verman2: Allowing CDN host despite blocklist: lc7-cdn.t34798ndc.com
2025-11-03 16:49:32,882 WARNING verman2: Blocked script resource: https://cdn.pubfuture-ad.com/v2/unit/pt.js
2025-11-03 16:49:32,970 WARNING verman2: Blocked script resource: https://bvtpk.com/tag.min.js
2025-11-03 16:49:33,338 DEBUG verman2: Allowing CDN host despite blocklist: lc7-cdn.t34798ndc.com
2025-11-03 16:49:33,339 DEBUG verman2: Allowing CDN host despite blocklist: lc7-cdn.t34798ndc.com
2025-11-03 16:49:33,343 DEBUG verman2: Allowing CDN host despite blocklist: lc7-cdn.t34798ndc.com
2025-11-03 16:49:33,344 DEBUG verman2: Allowing CDN host despite blocklist: lc7-cdn.t34798ndc.com
2025-11-03 16:49:33,348 DEBUG verman2: Allowing CDN host despite blocklist: lc7-cdn.t34798ndc.com
2025-11-03 16:49:33,349 DEBUG verman2: Allowing CDN host despite blocklist: lc7-cdn.t34798ndc.com
2025-11-03 16:49:33,353 DEBUG verman2: Allowing CDN host despite blocklist: lc7-cdn.t34798ndc.com
2025-11-03 16:49:33,354 DEBUG verman2: Allowing CDN host despite blocklist: lc7-cdn.t34798ndc.com
2025-11-03 16:49:33,358 DEBUG verman2: Allowing CDN host despite blocklist: lc7-cdn.t34798ndc.com
2025-11-03 16:49:33,359 DEBUG verman2: Allowing CDN host despite blocklist: lc7-cdn.t34798ndc.com
2025-11-03 16:49:33,363 DEBUG verman2: Allowing CDN host despite blocklist: lc7-cdn.t34798ndc.com
2025-11-03 16:49:33,363 DEBUG verman2: Allowing CDN host despite blocklist: lc7-cdn.t34798ndc.com
2025-11-03 16:49:33,367 DEBUG verman2: Allowing CDN host despite blocklist: lc7-cdn.t34798ndc.com
2025-11-03 16:49:33,369 DEBUG verman2: Allowing CDN host despite blocklist: lc7-cdn.t34798ndc.com
2025-11-03 16:49:33,372 DEBUG verman2: Allowing CDN host despite blocklist: lc7-cdn.t34798ndc.com
2025-11-03 16:49:33,373 DEBUG verman2: Allowing CDN host despite blocklist: lc7-cdn.t34798ndc.com
2025-11-03 16:49:33,378 DEBUG verman2: Allowing CDN host despite blocklist: lc7-cdn.t34798ndc.com
2025-11-03 16:49:33,379 DEBUG verman2: Allowing CDN host despite blocklist: lc7-cdn.t34798ndc.com
2025-11-03 16:49:33,383 DEBUG verman2: Allowing CDN host despite blocklist: lc7-cdn.t34798ndc.com
2025-11-03 16:49:33,384 DEBUG verman2: Allowing CDN host despite blocklist: lc7-cdn.t34798ndc.com
2025-11-03 16:49:33,390 DEBUG verman2: Allowing CDN host despite blocklist: lc7-cdn.t34798ndc.com
2025-11-03 16:49:33,391 DEBUG verman2: Allowing CDN host despite blocklist: lc7-cdn.t34798ndc.com
2025-11-03 16:49:43,622 DEBUG verman2: page_select not found or empty.
2025-11-03 16:49:43,627 DEBUG verman2: collect_targets returned 11 candidates (expected_count=11).
2025-11-03 16:49:43,628 DEBUG verman2: Using 11 targets after dedupe.
2025-11-03 16:49:44,174 INFO verman2: All 11 pages were saved.
2025-11-03 16:49:44,387 INFO verman2: Generating PDF: Ch154 - Gachiakuta.pdf
